<?xml version="1.0" encoding="UTF-8"?>
<!-- Generated by org.testng.reporters.JUnitReportReporter -->
<testsuite hostname="LAPTOP-FQ5SNIHA" failures="0" tests="4" name="com.test.blazeDemo.BlazeDemoHomeTest" time="9.951" errors="0" timestamp="11 Jun 2021 07:33:20 GMT" skipped="0">
  <testcase classname="com.test.blazeDemo.BlazeDemoHomeTest" name="verifyDepartureOptionsPresent" time="0.583"/>
  <testcase classname="com.test.blazeDemo.BlazeDemoHomeTest" name="verifyArrivalOptionsPresent" time="0.741"/>
  <testcase classname="com.test.blazeDemo.BlazeDemoHomeTest" name="verifyHomepageTitle" time="3.684"/>
  <testcase classname="com.test.blazeDemo.BlazeDemoHomeTest" name="verifyAllLinks" time="4.943"/>
</testsuite> <!-- com.test.blazeDemo.BlazeDemoHomeTest -->
